# JRE version: OpenJDK Runtime Environment (11.0.10) (build 11.0.10+0-b96-7249189)
# Java VM: OpenJDK 64-Bit Server VM (11.0.10+0-b96-7249189, mixed mode, tiered, compressed oops, g1 gc, windows-amd64)
Heap:
 garbage-first heap   total 155648K, used 113459K [0x0000000080000000, 0x0000000100000000)
  region size 1024K, 14 young (14336K), 3 survivors (3072K)
 Metaspace       used 104406K, capacity 107505K, committed 107852K, reserved 1142784K
  class space    used 13607K, capacity 14817K, committed 14924K, reserved 1048576K
GC Heap History (20 events):
Event: 88.023 GC heap before
{Heap before GC invocations=27 (full 0):
 garbage-first heap   total 155648K, used 124927K [0x0000000080000000, 0x0000000100000000)
  region size 1024K, 27 young (27648K), 4 survivors (4096K)
 Metaspace       used 92726K, capacity 95031K, committed 95180K, reserved 1132544K
  class space    used 11846K, capacity 12679K, committed 12748K, reserved 1048576K
}
Event: 88.036 GC heap after
{Heap after GC invocations=28 (full 0):
 garbage-first heap   total 155648K, used 105865K [0x0000000080000000, 0x0000000100000000)
  region size 1024K, 4 young (4096K), 4 survivors (4096K)
 Metaspace       used 92726K, capacity 95031K, committed 95180K, reserved 1132544K
  class space    used 11846K, capacity 12679K, committed 12748K, reserved 1048576K
}
Event: 88.605 GC heap before
{Heap before GC invocations=29 (full 0):
 garbage-first heap   total 155648K, used 126345K [0x0000000080000000, 0x0000000100000000)
  region size 1024K, 25 young (25600K), 4 survivors (4096K)
 Metaspace       used 92786K, capacity 95127K, committed 95436K, reserved 1132544K
  class space    used 11851K, capacity 12684K, committed 12748K, reserved 1048576K
}
Event: 88.616 GC heap after
{Heap after GC invocations=30 (full 0):
 garbage-first heap   total 155648K, used 107264K [0x0000000080000000, 0x0000000100000000)
  region size 1024K, 2 young (2048K), 2 survivors (2048K)
 Metaspace       used 92786K, capacity 95127K, committed 95436K, reserved 1132544K
  class space    used 11851K, capacity 12684K, committed 12748K, reserved 1048576K
}
Event: 88.813 GC heap before
{Heap before GC invocations=30 (full 0):
 garbage-first heap   total 155648K, used 111360K [0x0000000080000000, 0x0000000100000000)
  region size 1024K, 7 young (7168K), 2 survivors (2048K)
 Metaspace       used 92786K, capacity 95127K, committed 95436K, reserved 1132544K
  class space    used 11851K, capacity 12684K, committed 12748K, reserved 1048576K
}
Event: 88.819 GC heap after
{Heap after GC invocations=31 (full 0):
 garbage-first heap   total 155648K, used 106771K [0x0000000080000000, 0x0000000100000000)
  region size 1024K, 1 young (1024K), 1 survivors (1024K)
 Metaspace       used 92786K, capacity 95127K, committed 95436K, reserved 1132544K
  class space    used 11851K, capacity 12684K, committed 12748K, reserved 1048576K
}
Event: 90.399 GC heap before
{Heap before GC invocations=31 (full 0):
 garbage-first heap   total 155648K, used 127251K [0x0000000080000000, 0x0000000100000000)
  region size 1024K, 22 young (22528K), 1 survivors (1024K)
 Metaspace       used 92791K, capacity 95127K, committed 95436K, reserved 1132544K
  class space    used 11851K, capacity 12684K, committed 12748K, reserved 1048576K
}
Event: 90.406 GC heap after
{Heap after GC invocations=32 (full 0):
 garbage-first heap   total 155648K, used 107621K [0x0000000080000000, 0x0000000100000000)
  region size 1024K, 2 young (2048K), 2 survivors (2048K)
 Metaspace       used 92791K, capacity 95127K, committed 95436K, reserved 1132544K
  class space    used 11851K, capacity 12684K, committed 12748K, reserved 1048576K
}
Event: 92.152 GC heap before
{Heap before GC invocations=33 (full 0):
 garbage-first heap   total 155648K, used 128101K [0x0000000080000000, 0x0000000100000000)
  region size 1024K, 23 young (23552K), 2 survivors (2048K)
 Metaspace       used 92792K, capacity 95127K, committed 95436K, reserved 1132544K
  class space    used 11851K, capacity 12684K, committed 12748K, reserved 1048576K
}
Event: 92.157 GC heap after
{Heap after GC invocations=34 (full 0):
 garbage-first heap   total 155648K, used 108355K [0x0000000080000000, 0x0000000100000000)
  region size 1024K, 2 young (2048K), 2 survivors (2048K)
 Metaspace       used 92792K, capacity 95127K, committed 95436K, reserved 1132544K
  class space    used 11851K, capacity 12684K, committed 12748K, reserved 1048576K
}
Event: 92.224 GC heap before
{Heap before GC invocations=34 (full 0):
 garbage-first heap   total 155648K, used 113475K [0x0000000080000000, 0x0000000100000000)
  region size 1024K, 7 young (7168K), 2 survivors (2048K)
 Metaspace       used 92810K, capacity 95128K, committed 95436K, reserved 1132544K
  class space    used 11852K, capacity 12684K, committed 12748K, reserved 1048576K
}
Event: 92.229 GC heap after
{Heap after GC invocations=35 (full 0):
 garbage-first heap   total 155648K, used 101873K [0x0000000080000000, 0x0000000100000000)
  region size 1024K, 1 young (1024K), 1 survivors (1024K)
 Metaspace       used 92810K, capacity 95128K, committed 95436K, reserved 1132544K
  class space    used 11852K, capacity 12684K, committed 12748K, reserved 1048576K
}
Event: 92.942 GC heap before
{Heap before GC invocations=35 (full 0):
 garbage-first heap   total 155648K, used 125425K [0x0000000080000000, 0x0000000100000000)
  region size 1024K, 25 young (25600K), 1 survivors (1024K)
 Metaspace       used 92825K, capacity 95128K, committed 95436K, reserved 1132544K
  class space    used 11852K, capacity 12684K, committed 12748K, reserved 1048576K
}
Event: 92.950 GC heap after
{Heap after GC invocations=36 (full 0):
 garbage-first heap   total 155648K, used 102783K [0x0000000080000000, 0x0000000100000000)
  region size 1024K, 2 young (2048K), 2 survivors (2048K)
 Metaspace       used 92825K, capacity 95128K, committed 95436K, reserved 1132544K
  class space    used 11852K, capacity 12684K, committed 12748K, reserved 1048576K
}
Event: 94.082 GC heap before
{Heap before GC invocations=37 (full 0):
 garbage-first heap   total 155648K, used 124287K [0x0000000080000000, 0x0000000100000000)
  region size 1024K, 27 young (27648K), 2 survivors (2048K)
 Metaspace       used 95652K, capacity 98107K, committed 98252K, reserved 1134592K
  class space    used 12247K, capacity 13158K, committed 13260K, reserved 1048576K
}
Event: 94.089 GC heap after
{Heap after GC invocations=38 (full 0):
 garbage-first heap   total 155648K, used 101276K [0x0000000080000000, 0x0000000100000000)
  region size 1024K, 3 young (3072K), 3 survivors (3072K)
 Metaspace       used 95652K, capacity 98107K, committed 98252K, reserved 1134592K
  class space    used 12247K, capacity 13158K, committed 13260K, reserved 1048576K
}
Event: 95.214 GC heap before
{Heap before GC invocations=38 (full 0):
 garbage-first heap   total 155648K, used 126876K [0x0000000080000000, 0x0000000100000000)
  region size 1024K, 29 young (29696K), 3 survivors (3072K)
 Metaspace       used 101865K, capacity 104721K, committed 104908K, reserved 1140736K
  class space    used 13299K, capacity 14437K, committed 14540K, reserved 1048576K
}
Event: 95.225 GC heap after
{Heap after GC invocations=39 (full 0):
 garbage-first heap   total 155648K, used 102797K [0x0000000080000000, 0x0000000100000000)
  region size 1024K, 4 young (4096K), 4 survivors (4096K)
 Metaspace       used 101865K, capacity 104721K, committed 104908K, reserved 1140736K
  class space    used 13299K, capacity 14437K, committed 14540K, reserved 1048576K
}
Event: 96.299 GC heap before
{Heap before GC invocations=40 (full 0):
 garbage-first heap   total 155648K, used 127373K [0x0000000080000000, 0x0000000100000000)
  region size 1024K, 29 young (29696K), 4 survivors (4096K)
 Metaspace       used 104332K, capacity 107430K, committed 107596K, reserved 1142784K
  class space    used 13606K, capacity 14816K, committed 14924K, reserved 1048576K
}
Event: 96.311 GC heap after
{Heap after GC invocations=41 (full 0):
 garbage-first heap   total 155648K, used 104243K [0x0000000080000000, 0x0000000100000000)
  region size 1024K, 3 young (3072K), 3 survivors (3072K)
 Metaspace       used 104332K, capacity 107430K, committed 107596K, reserved 1142784K
  class space    used 13606K, capacity 14816K, committed 14924K, reserved 1048576K
}

