# JRE version: OpenJDK Runtime Environment (11.0.10) (build 11.0.10+0-b96-7249189)
# Java VM: OpenJDK 64-Bit Server VM (11.0.10+0-b96-7249189, mixed mode, tiered, compressed oops, g1 gc, windows-amd64)
Heap:
 garbage-first heap   total 187392K, used 90777K [0x0000000080000000, 0x0000000100000000)
  region size 1024K, 5 young (5120K), 5 survivors (5120K)
 Metaspace       used 87575K, capacity 89889K, committed 90096K, reserved 1128448K
  class space    used 11285K, capacity 12129K, committed 12236K, reserved 1048576K
GC Heap History (20 events):
Event: 20.906 GC heap after
{Heap after GC invocations=22 (full 0):
 garbage-first heap   total 129024K, used 74129K [0x0000000080000000, 0x0000000100000000)
  region size 1024K, 3 young (3072K), 3 survivors (3072K)
 Metaspace       used 82858K, capacity 85133K, committed 85360K, reserved 1124352K
  class space    used 10712K, capacity 11564K, committed 11596K, reserved 1048576K
}
Event: 21.175 GC heap before
{Heap before GC invocations=22 (full 0):
 garbage-first heap   total 129024K, used 105873K [0x0000000080000000, 0x0000000100000000)
  region size 1024K, 35 young (35840K), 3 survivors (3072K)
 Metaspace       used 83102K, capacity 85373K, committed 85616K, reserved 1124352K
  class space    used 10718K, capacity 11570K, committed 11596K, reserved 1048576K
}
Event: 21.183 GC heap after
{Heap after GC invocations=23 (full 0):
 garbage-first heap   total 129024K, used 75419K [0x0000000080000000, 0x0000000100000000)
  region size 1024K, 4 young (4096K), 4 survivors (4096K)
 Metaspace       used 83102K, capacity 85373K, committed 85616K, reserved 1124352K
  class space    used 10718K, capacity 11570K, committed 11596K, reserved 1048576K
}
Event: 21.654 GC heap before
{Heap before GC invocations=24 (full 0):
 garbage-first heap   total 129024K, used 107163K [0x0000000080000000, 0x0000000100000000)
  region size 1024K, 36 young (36864K), 4 survivors (4096K)
 Metaspace       used 83189K, capacity 85237K, committed 86000K, reserved 1124352K
  class space    used 10647K, capacity 11422K, committed 11724K, reserved 1048576K
}
Event: 21.660 GC heap after
{Heap after GC invocations=25 (full 0):
 garbage-first heap   total 129024K, used 77596K [0x0000000080000000, 0x0000000100000000)
  region size 1024K, 4 young (4096K), 4 survivors (4096K)
 Metaspace       used 83189K, capacity 85237K, committed 86000K, reserved 1124352K
  class space    used 10647K, capacity 11422K, committed 11724K, reserved 1048576K
}
Event: 21.904 GC heap before
{Heap before GC invocations=25 (full 0):
 garbage-first heap   total 129024K, used 107292K [0x0000000080000000, 0x0000000100000000)
  region size 1024K, 34 young (34816K), 4 survivors (4096K)
 Metaspace       used 83339K, capacity 85397K, committed 86000K, reserved 1124352K
  class space    used 10654K, capacity 11426K, committed 11724K, reserved 1048576K
}
Event: 21.912 GC heap after
{Heap after GC invocations=26 (full 0):
 garbage-first heap   total 129024K, used 79710K [0x0000000080000000, 0x0000000100000000)
  region size 1024K, 5 young (5120K), 5 survivors (5120K)
 Metaspace       used 83339K, capacity 85397K, committed 86000K, reserved 1124352K
  class space    used 10654K, capacity 11426K, committed 11724K, reserved 1048576K
}
Event: 22.154 GC heap before
{Heap before GC invocations=27 (full 0):
 garbage-first heap   total 129024K, used 107358K [0x0000000080000000, 0x0000000100000000)
  region size 1024K, 33 young (33792K), 5 survivors (5120K)
 Metaspace       used 83389K, capacity 85468K, committed 86256K, reserved 1124352K
  class space    used 10654K, capacity 11426K, committed 11724K, reserved 1048576K
}
Event: 22.159 GC heap after
{Heap after GC invocations=28 (full 0):
 garbage-first heap   total 129024K, used 81066K [0x0000000080000000, 0x0000000100000000)
  region size 1024K, 4 young (4096K), 4 survivors (4096K)
 Metaspace       used 83389K, capacity 85468K, committed 86256K, reserved 1124352K
  class space    used 10654K, capacity 11426K, committed 11724K, reserved 1048576K
}
Event: 22.368 GC heap before
{Heap before GC invocations=28 (full 0):
 garbage-first heap   total 129024K, used 107690K [0x0000000080000000, 0x0000000100000000)
  region size 1024K, 31 young (31744K), 4 survivors (4096K)
 Metaspace       used 83563K, capacity 85713K, committed 86256K, reserved 1124352K
  class space    used 10676K, capacity 11437K, committed 11724K, reserved 1048576K
}
Event: 22.374 GC heap after
{Heap after GC invocations=29 (full 0):
 garbage-first heap   total 129024K, used 82518K [0x0000000080000000, 0x0000000100000000)
  region size 1024K, 3 young (3072K), 3 survivors (3072K)
 Metaspace       used 83563K, capacity 85713K, committed 86256K, reserved 1124352K
  class space    used 10676K, capacity 11437K, committed 11724K, reserved 1048576K
}
Event: 22.678 GC heap before
{Heap before GC invocations=30 (full 0):
 garbage-first heap   total 129024K, used 109142K [0x0000000080000000, 0x0000000100000000)
  region size 1024K, 30 young (30720K), 3 survivors (3072K)
 Metaspace       used 83657K, capacity 85805K, committed 86512K, reserved 1124352K
  class space    used 10687K, capacity 11445K, committed 11724K, reserved 1048576K
}
Event: 22.685 GC heap after
{Heap after GC invocations=31 (full 0):
 garbage-first heap   total 155648K, used 83941K [0x0000000080000000, 0x0000000100000000)
  region size 1024K, 3 young (3072K), 3 survivors (3072K)
 Metaspace       used 83657K, capacity 85805K, committed 86512K, reserved 1124352K
  class space    used 10687K, capacity 11445K, committed 11724K, reserved 1048576K
}
Event: 22.881 GC heap before
{Heap before GC invocations=31 (full 0):
 garbage-first heap   total 155648K, used 122853K [0x0000000080000000, 0x0000000100000000)
  region size 1024K, 41 young (41984K), 3 survivors (3072K)
 Metaspace       used 83666K, capacity 85806K, committed 86512K, reserved 1124352K
  class space    used 10687K, capacity 11445K, committed 11724K, reserved 1048576K
}
Event: 22.888 GC heap after
{Heap after GC invocations=32 (full 0):
 garbage-first heap   total 155648K, used 85490K [0x0000000080000000, 0x0000000100000000)
  region size 1024K, 5 young (5120K), 5 survivors (5120K)
 Metaspace       used 83666K, capacity 85806K, committed 86512K, reserved 1124352K
  class space    used 10687K, capacity 11445K, committed 11724K, reserved 1048576K
}
Event: 23.259 GC heap before
{Heap before GC invocations=33 (full 0):
 garbage-first heap   total 155648K, used 123378K [0x0000000080000000, 0x0000000100000000)
  region size 1024K, 43 young (44032K), 5 survivors (5120K)
 Metaspace       used 83698K, capacity 85807K, committed 86512K, reserved 1124352K
  class space    used 10688K, capacity 11445K, committed 11724K, reserved 1048576K
}
Event: 23.265 GC heap after
{Heap after GC invocations=34 (full 0):
 garbage-first heap   total 155648K, used 87321K [0x0000000080000000, 0x0000000100000000)
  region size 1024K, 5 young (5120K), 5 survivors (5120K)
 Metaspace       used 83698K, capacity 85807K, committed 86512K, reserved 1124352K
  class space    used 10688K, capacity 11445K, committed 11724K, reserved 1048576K
}
Event: 23.666 GC heap before
{Heap before GC invocations=34 (full 0):
 garbage-first heap   total 155648K, used 96537K [0x0000000080000000, 0x0000000100000000)
  region size 1024K, 16 young (16384K), 5 survivors (5120K)
 Metaspace       used 84105K, capacity 86244K, committed 86768K, reserved 1124352K
  class space    used 10750K, capacity 11504K, committed 11724K, reserved 1048576K
}
Event: 23.672 GC heap after
{Heap after GC invocations=35 (full 0):
 garbage-first heap   total 155648K, used 87871K [0x0000000080000000, 0x0000000100000000)
  region size 1024K, 3 young (3072K), 3 survivors (3072K)
 Metaspace       used 84105K, capacity 86244K, committed 86768K, reserved 1124352K
  class space    used 10750K, capacity 11504K, committed 11724K, reserved 1048576K
}
Event: 24.120 GC heap before
{Heap before GC invocations=36 (full 0):
 garbage-first heap   total 155648K, used 123711K [0x0000000080000000, 0x0000000100000000)
  region size 1024K, 35 young (35840K), 3 survivors (3072K)
 Metaspace       used 87575K, capacity 89889K, committed 90096K, reserved 1128448K
  class space    used 11285K, capacity 12129K, committed 12236K, reserved 1048576K
}

