# JRE version: OpenJDK Runtime Environment (11.0.10) (build 11.0.10+0-b96-7249189)
# Java VM: OpenJDK 64-Bit Server VM (11.0.10+0-b96-7249189, mixed mode, tiered, compressed oops, g1 gc, windows-amd64)
Heap:
 garbage-first heap   total 155648K, used 51940K [0x0000000080000000, 0x0000000100000000)
  region size 1024K, 21 young (21504K), 10 survivors (10240K)
 Metaspace       used 48667K, capacity 50033K, committed 50172K, reserved 1093632K
  class space    used 6219K, capacity 6713K, committed 6784K, reserved 1048576K
GC Heap History (20 events):
Event: 0.874 GC heap before
{Heap before GC invocations=0 (full 0):
 garbage-first heap   total 129024K, used 29696K [0x0000000080000000, 0x0000000100000000)
  region size 1024K, 24 young (24576K), 0 survivors (0K)
 Metaspace       used 9791K, capacity 9986K, committed 10112K, reserved 1058816K
  class space    used 1021K, capacity 1102K, committed 1152K, reserved 1048576K
}
Event: 0.881 GC heap after
{Heap after GC invocations=1 (full 0):
 garbage-first heap   total 129024K, used 9227K [0x0000000080000000, 0x0000000100000000)
  region size 1024K, 3 young (3072K), 3 survivors (3072K)
 Metaspace       used 9791K, capacity 9986K, committed 10112K, reserved 1058816K
  class space    used 1021K, capacity 1102K, committed 1152K, reserved 1048576K
}
Event: 1.189 GC heap before
{Heap before GC invocations=1 (full 0):
 garbage-first heap   total 129024K, used 30731K [0x0000000080000000, 0x0000000100000000)
  region size 1024K, 24 young (24576K), 3 survivors (3072K)
 Metaspace       used 10717K, capacity 11003K, committed 11264K, reserved 1058816K
  class space    used 1122K, capacity 1206K, committed 1280K, reserved 1048576K
}
Event: 1.194 GC heap after
{Heap after GC invocations=2 (full 0):
 garbage-first heap   total 129024K, used 10289K [0x0000000080000000, 0x0000000100000000)
  region size 1024K, 1 young (1024K), 1 survivors (1024K)
 Metaspace       used 10717K, capacity 11003K, committed 11264K, reserved 1058816K
  class space    used 1122K, capacity 1206K, committed 1280K, reserved 1048576K
}
Event: 3.918 GC heap before
{Heap before GC invocations=2 (full 0):
 garbage-first heap   total 129024K, used 62513K [0x0000000080000000, 0x0000000100000000)
  region size 1024K, 52 young (53248K), 1 survivors (1024K)
 Metaspace       used 17693K, capacity 18086K, committed 18176K, reserved 1064960K
  class space    used 2084K, capacity 2236K, committed 2304K, reserved 1048576K
}
Event: 3.923 GC heap after
{Heap after GC invocations=3 (full 0):
 garbage-first heap   total 129024K, used 16525K [0x0000000080000000, 0x0000000100000000)
  region size 1024K, 7 young (7168K), 7 survivors (7168K)
 Metaspace       used 17693K, capacity 18086K, committed 18176K, reserved 1064960K
  class space    used 2084K, capacity 2236K, committed 2304K, reserved 1048576K
}
Event: 4.338 GC heap before
{Heap before GC invocations=3 (full 0):
 garbage-first heap   total 129024K, used 39053K [0x0000000080000000, 0x0000000100000000)
  region size 1024K, 30 young (30720K), 7 survivors (7168K)
 Metaspace       used 20607K, capacity 21150K, committed 21296K, reserved 1069056K
  class space    used 2513K, capacity 2688K, committed 2688K, reserved 1048576K
}
Event: 4.348 GC heap after
{Heap after GC invocations=4 (full 0):
 garbage-first heap   total 129024K, used 17587K [0x0000000080000000, 0x0000000100000000)
  region size 1024K, 1 young (1024K), 1 survivors (1024K)
 Metaspace       used 20607K, capacity 21150K, committed 21296K, reserved 1069056K
  class space    used 2513K, capacity 2688K, committed 2688K, reserved 1048576K
}
Event: 5.069 GC heap before
{Heap before GC invocations=5 (full 0):
 garbage-first heap   total 129024K, used 69811K [0x0000000080000000, 0x0000000100000000)
  region size 1024K, 52 young (53248K), 1 survivors (1024K)
 Metaspace       used 25865K, capacity 26421K, committed 26672K, reserved 1073152K
  class space    used 3379K, capacity 3599K, committed 3712K, reserved 1048576K
}
Event: 5.073 GC heap after
{Heap after GC invocations=6 (full 0):
 garbage-first heap   total 129024K, used 19255K [0x0000000080000000, 0x0000000100000000)
  region size 1024K, 3 young (3072K), 3 survivors (3072K)
 Metaspace       used 25865K, capacity 26421K, committed 26672K, reserved 1073152K
  class space    used 3379K, capacity 3599K, committed 3712K, reserved 1048576K
}
Event: 6.150 GC heap before
{Heap before GC invocations=6 (full 0):
 garbage-first heap   total 129024K, used 75575K [0x0000000080000000, 0x0000000100000000)
  region size 1024K, 58 young (59392K), 3 survivors (3072K)
 Metaspace       used 34435K, capacity 35254K, committed 35504K, reserved 1079296K
  class space    used 4471K, capacity 4800K, committed 4864K, reserved 1048576K
}
Event: 6.156 GC heap after
{Heap after GC invocations=7 (full 0):
 garbage-first heap   total 129024K, used 22807K [0x0000000080000000, 0x0000000100000000)
  region size 1024K, 6 young (6144K), 6 survivors (6144K)
 Metaspace       used 34435K, capacity 35254K, committed 35504K, reserved 1079296K
  class space    used 4471K, capacity 4800K, committed 4864K, reserved 1048576K
}
Event: 6.195 GC heap before
{Heap before GC invocations=7 (full 0):
 garbage-first heap   total 129024K, used 24855K [0x0000000080000000, 0x0000000100000000)
  region size 1024K, 9 young (9216K), 6 survivors (6144K)
 Metaspace       used 34827K, capacity 35606K, committed 35708K, reserved 1081344K
  class space    used 4535K, capacity 4832K, committed 4864K, reserved 1048576K
}
Event: 6.206 GC heap after
{Heap after GC invocations=8 (full 0):
 garbage-first heap   total 129024K, used 23607K [0x0000000080000000, 0x0000000100000000)
  region size 1024K, 5 young (5120K), 5 survivors (5120K)
 Metaspace       used 34827K, capacity 35606K, committed 35708K, reserved 1081344K
  class space    used 4535K, capacity 4832K, committed 4864K, reserved 1048576K
}
Event: 6.900 GC heap before
{Heap before GC invocations=9 (full 0):
 garbage-first heap   total 129024K, used 72759K [0x0000000080000000, 0x0000000100000000)
  region size 1024K, 50 young (51200K), 5 survivors (5120K)
 Metaspace       used 38669K, capacity 39632K, committed 39804K, reserved 1083392K
  class space    used 4927K, capacity 5251K, committed 5376K, reserved 1048576K
}
Event: 6.909 GC heap after
{Heap after GC invocations=10 (full 0):
 garbage-first heap   total 155648K, used 27176K [0x0000000080000000, 0x0000000100000000)
  region size 1024K, 5 young (5120K), 5 survivors (5120K)
 Metaspace       used 38669K, capacity 39632K, committed 39804K, reserved 1083392K
  class space    used 4927K, capacity 5251K, committed 5376K, reserved 1048576K
}
Event: 7.682 GC heap before
{Heap before GC invocations=10 (full 0):
 garbage-first heap   total 155648K, used 88616K [0x0000000080000000, 0x0000000100000000)
  region size 1024K, 64 young (65536K), 5 survivors (5120K)
 Metaspace       used 43664K, capacity 44700K, committed 44796K, reserved 1087488K
  class space    used 5582K, capacity 5934K, committed 6016K, reserved 1048576K
}
Event: 7.687 GC heap after
{Heap after GC invocations=11 (full 0):
 garbage-first heap   total 155648K, used 28678K [0x0000000080000000, 0x0000000100000000)
  region size 1024K, 6 young (6144K), 6 survivors (6144K)
 Metaspace       used 43664K, capacity 44700K, committed 44796K, reserved 1087488K
  class space    used 5582K, capacity 5934K, committed 6016K, reserved 1048576K
}
Event: 9.369 GC heap before
{Heap before GC invocations=11 (full 0):
 garbage-first heap   total 155648K, used 104454K [0x0000000080000000, 0x0000000100000000)
  region size 1024K, 77 young (78848K), 6 survivors (6144K)
 Metaspace       used 47567K, capacity 48827K, committed 48892K, reserved 1091584K
  class space    used 6078K, capacity 6513K, committed 6528K, reserved 1048576K
}
Event: 9.384 GC heap after
{Heap after GC invocations=12 (full 0):
 garbage-first heap   total 155648K, used 41700K [0x0000000080000000, 0x0000000100000000)
  region size 1024K, 10 young (10240K), 10 survivors (10240K)
 Metaspace       used 47567K, capacity 48827K, committed 48892K, reserved 1091584K
  class space    used 6078K, capacity 6513K, committed 6528K, reserved 1048576K
}

